<?xml version="1.0" encoding="UTF-8"?>
<testng-results ignored="0" total="3" passed="3" failed="0" skipped="0">
  <reporter-output>
  </reporter-output>
  <suite started-at="2021-08-30T16:55:24 IST" name="Default suite" finished-at="2021-08-30T16:56:58 IST" duration-ms="93999">
    <groups>
    </groups>
    <test started-at="2021-08-30T16:55:24 IST" name="Default test" finished-at="2021-08-30T16:56:58 IST" duration-ms="93999">
      <class name="extendedReports.GenerateExtentReports">
        <test-method is-config="true" signature="startTest()[pri:0, instance:extendedReports.GenerateExtentReports@bae7dc0]" started-at="2021-08-30T16:55:24 IST" name="startTest" finished-at="2021-08-30T16:55:24 IST" duration-ms="264" status="PASS">
          <reporter-output>
          </reporter-output>
        </test-method> <!-- startTest -->
        <test-method is-config="true" signature="beforeSetUp()[pri:0, instance:extendedReports.GenerateExtentReports@bae7dc0]" started-at="2021-08-30T16:55:24 IST" name="beforeSetUp" finished-at="2021-08-30T16:55:37 IST" duration-ms="13266" status="PASS">
          <reporter-output>
          </reporter-output>
        </test-method> <!-- beforeSetUp -->
        <test-method signature="addAccount()[pri:0, instance:extendedReports.GenerateExtentReports@bae7dc0]" started-at="2021-08-30T16:55:37 IST" name="addAccount" finished-at="2021-08-30T16:55:54 IST" duration-ms="16474" status="PASS">
          <reporter-output>
          </reporter-output>
        </test-method> <!-- addAccount -->
        <test-method is-config="true" signature="setDown()[pri:0, instance:extendedReports.GenerateExtentReports@bae7dc0]" started-at="2021-08-30T16:55:54 IST" name="setDown" finished-at="2021-08-30T16:55:54 IST" duration-ms="0" status="PASS">
          <reporter-output>
          </reporter-output>
        </test-method> <!-- setDown -->
        <test-method is-config="true" signature="beforeSetUp()[pri:0, instance:extendedReports.GenerateExtentReports@bae7dc0]" started-at="2021-08-30T16:55:54 IST" name="beforeSetUp" finished-at="2021-08-30T16:56:03 IST" duration-ms="9595" status="PASS">
          <reporter-output>
          </reporter-output>
        </test-method> <!-- beforeSetUp -->
        <test-method signature="logIn()[pri:0, instance:extendedReports.GenerateExtentReports@bae7dc0]" started-at="2021-08-30T16:56:03 IST" name="logIn" finished-at="2021-08-30T16:56:12 IST" duration-ms="8806" status="PASS">
          <reporter-output>
          </reporter-output>
        </test-method> <!-- logIn -->
        <test-method is-config="true" signature="setDown()[pri:0, instance:extendedReports.GenerateExtentReports@bae7dc0]" started-at="2021-08-30T16:56:12 IST" name="setDown" finished-at="2021-08-30T16:56:12 IST" duration-ms="1" status="PASS">
          <reporter-output>
          </reporter-output>
        </test-method> <!-- setDown -->
        <test-method is-config="true" signature="beforeSetUp()[pri:0, instance:extendedReports.GenerateExtentReports@bae7dc0]" started-at="2021-08-30T16:56:12 IST" name="beforeSetUp" finished-at="2021-08-30T16:56:23 IST" duration-ms="10425" status="PASS">
          <reporter-output>
          </reporter-output>
        </test-method> <!-- beforeSetUp -->
        <test-method signature="searchBus()[pri:0, instance:extendedReports.GenerateExtentReports@bae7dc0]" started-at="2021-08-30T16:56:23 IST" name="searchBus" finished-at="2021-08-30T16:56:57 IST" duration-ms="33941" status="PASS">
          <reporter-output>
          </reporter-output>
        </test-method> <!-- searchBus -->
        <test-method is-config="true" signature="setDown()[pri:0, instance:extendedReports.GenerateExtentReports@bae7dc0]" started-at="2021-08-30T16:56:57 IST" name="setDown" finished-at="2021-08-30T16:56:57 IST" duration-ms="1" status="PASS">
          <reporter-output>
          </reporter-output>
        </test-method> <!-- setDown -->
        <test-method is-config="true" signature="endReport()[pri:0, instance:extendedReports.GenerateExtentReports@bae7dc0]" started-at="2021-08-30T16:56:57 IST" name="endReport" finished-at="2021-08-30T16:56:58 IST" duration-ms="1169" status="PASS">
          <reporter-output>
          </reporter-output>
        </test-method> <!-- endReport -->
      </class> <!-- extendedReports.GenerateExtentReports -->
    </test> <!-- Default test -->
  </suite> <!-- Default suite -->
</testng-results>
