<?xml version="1.0" encoding="UTF-8"?>
<!-- Generated by org.testng.reporters.JUnitXMLReporter -->
<testsuite ignored="0" hostname="DESKTOP-74GI9KC" failures="0" tests="3" name="Default test" time="93.999" errors="0" timestamp="2021-08-30T16:56:58 IST">
  <testcase classname="extendedReports.GenerateExtentReports" name="addAccount" time="16.474"/>
  <testcase classname="extendedReports.GenerateExtentReports" name="logIn" time="8.806"/>
  <testcase classname="extendedReports.GenerateExtentReports" name="searchBus" time="33.941"/>
</testsuite> <!-- Default test -->
