<?xml version="1.0" encoding="UTF-8"?>
<testng-results ignored="0" total="2" passed="2" failed="0" skipped="0">
  <reporter-output>
  </reporter-output>
  <suite started-at="2021-08-27T11:31:19 IST" name="Default suite" finished-at="2021-08-27T11:32:23 IST" duration-ms="64019">
    <groups>
      <group name="cucumber">
        <method signature="AbstractTestNGCucumberTests.runScenario(io.cucumber.testng.PickleWrapper,io.cucumber.testng.FeatureWrapper)[pri:0, instance:runner.run1@194bcebf]" name="runScenario" class="io.cucumber.testng.AbstractTestNGCucumberTests"/>
      </group> <!-- cucumber -->
    </groups>
    <test started-at="2021-08-27T11:31:19 IST" name="Default test" finished-at="2021-08-27T11:32:23 IST" duration-ms="64019">
      <class name="runner.run1">
        <test-method is-config="true" signature="setUpClass()[pri:0, instance:runner.run1@194bcebf]" started-at="2021-08-27T11:31:19 IST" name="setUpClass" finished-at="2021-08-27T11:31:19 IST" duration-ms="420" status="PASS">
          <reporter-output>
          </reporter-output>
        </test-method> <!-- setUpClass -->
        <test-method signature="runScenario(io.cucumber.testng.PickleWrapper,io.cucumber.testng.FeatureWrapper)[pri:0, instance:runner.run1@194bcebf]" started-at="2021-08-27T11:31:19 IST" name="runScenario" description="Runs Cucumber Scenarios" data-provider="scenarios" finished-at="2021-08-27T11:31:40 IST" duration-ms="20641" status="PASS">
          <params>
            <param index="0">
              <value>
                <![CDATA["test the ksrtc application"]]>
              </value>
            </param>
            <param index="1">
              <value>
                <![CDATA["Optional[Title of your feature]"]]>
              </value>
            </param>
          </params>
          <reporter-output>
          </reporter-output>
        </test-method> <!-- runScenario -->
        <test-method signature="runScenario(io.cucumber.testng.PickleWrapper,io.cucumber.testng.FeatureWrapper)[pri:0, instance:runner.run1@194bcebf]" started-at="2021-08-27T11:31:40 IST" name="runScenario" description="Runs Cucumber Scenarios" data-provider="scenarios" finished-at="2021-08-27T11:32:23 IST" duration-ms="42854" status="PASS">
          <params>
            <param index="0">
              <value>
                <![CDATA["test the search bus"]]>
              </value>
            </param>
            <param index="1">
              <value>
                <![CDATA["Optional[Title of your feature]"]]>
              </value>
            </param>
          </params>
          <reporter-output>
          </reporter-output>
        </test-method> <!-- runScenario -->
        <test-method is-config="true" signature="tearDownClass()[pri:0, instance:runner.run1@194bcebf]" started-at="2021-08-27T11:32:23 IST" name="tearDownClass" finished-at="2021-08-27T11:32:23 IST" duration-ms="21" status="PASS">
          <reporter-output>
          </reporter-output>
        </test-method> <!-- tearDownClass -->
      </class> <!-- runner.run1 -->
    </test> <!-- Default test -->
  </suite> <!-- Default suite -->
</testng-results>
